
*** Running vivado
    with args -log Top.vdi -applog -m64 -product Vivado -messageDb vivado.pb -mode batch -source Top.tcl -notrace



****** Vivado v2020.1 (64-bit)
  **** SW Build 2902540 on Wed May 27 19:54:49 MDT 2020
  **** IP Build 2902112 on Wed May 27 22:43:36 MDT 2020
    ** Copyright 1986-2020 Xilinx, Inc. All Rights Reserved.

source Top.tcl -notrace
Command: link_design -top Top -part xc7a35tcpg236-1
Design is defaulting to srcset: sources_1
Design is defaulting to constrset: constrs_1
INFO: [Device 21-403] Loading part xc7a35tcpg236-1
INFO: [Project 1-454] Reading design checkpoint 'c:/Users/Dell/Documents/uni_docs/cs/dld/project_stuff/dld_final_project/dld_final_project.srcs/sources_1/ip/VGA_Clock/VGA_Clock.dcp' for cell 'clock_pix_inst'
Netlist sorting complete. Time (s): cpu = 00:00:00 ; elapsed = 00:00:00.005 . Memory (MB): peak = 1025.105 ; gain = 0.000
INFO: [Netlist 29-17] Analyzing 54 Unisim elements for replacement
INFO: [Netlist 29-28] Unisim Transformation completed in 0 CPU seconds
INFO: [Project 1-479] Netlist was created with Vivado 2020.1
INFO: [Project 1-570] Preparing netlist for logic optimization
Parsing XDC File [c:/Users/Dell/Documents/uni_docs/cs/dld/project_stuff/dld_final_project/dld_final_project.srcs/sources_1/ip/VGA_Clock/VGA_Clock_board.xdc] for cell 'clock_pix_inst/inst'
Finished Parsing XDC File [c:/Users/Dell/Documents/uni_docs/cs/dld/project_stuff/dld_final_project/dld_final_project.srcs/sources_1/ip/VGA_Clock/VGA_Clock_board.xdc] for cell 'clock_pix_inst/inst'
Parsing XDC File [c:/Users/Dell/Documents/uni_docs/cs/dld/project_stuff/dld_final_project/dld_final_project.srcs/sources_1/ip/VGA_Clock/VGA_Clock.xdc] for cell 'clock_pix_inst/inst'
Finished Parsing XDC File [c:/Users/Dell/Documents/uni_docs/cs/dld/project_stuff/dld_final_project/dld_final_project.srcs/sources_1/ip/VGA_Clock/VGA_Clock.xdc] for cell 'clock_pix_inst/inst'
Parsing XDC File [C:/Users/Dell/Documents/uni_docs/cs/dld/project_stuff/dld_final_project/dld_final_project.srcs/dungeon_display/new/maze_display.xdc]
Finished Parsing XDC File [C:/Users/Dell/Documents/uni_docs/cs/dld/project_stuff/dld_final_project/dld_final_project.srcs/dungeon_display/new/maze_display.xdc]
Parsing XDC File [C:/Users/Dell/Documents/uni_docs/cs/dld/project_stuff/dld_final_project/dld_final_project.srcs/dungeon_display/new/Basys3.xdc]
Finished Parsing XDC File [C:/Users/Dell/Documents/uni_docs/cs/dld/project_stuff/dld_final_project/dld_final_project.srcs/dungeon_display/new/Basys3.xdc]
Parsing XDC File [c:/Users/Dell/Documents/uni_docs/cs/dld/project_stuff/dld_final_project/dld_final_project.srcs/sources_1/ip/VGA_Clock/VGA_Clock_late.xdc] for cell 'clock_pix_inst/inst'
Finished Parsing XDC File [c:/Users/Dell/Documents/uni_docs/cs/dld/project_stuff/dld_final_project/dld_final_project.srcs/sources_1/ip/VGA_Clock/VGA_Clock_late.xdc] for cell 'clock_pix_inst/inst'
INFO: [Opt 31-138] Pushed 0 inverter(s) to 0 load pin(s).
Netlist sorting complete. Time (s): cpu = 00:00:00 ; elapsed = 00:00:00 . Memory (MB): peak = 1025.105 ; gain = 0.000
INFO: [Project 1-111] Unisim Transformation Summary:
No Unisim elements were transformed.

8 Infos, 0 Warnings, 0 Critical Warnings and 0 Errors encountered.
link_design completed successfully
link_design: Time (s): cpu = 00:00:02 ; elapsed = 00:00:08 . Memory (MB): peak = 1025.105 ; gain = 0.000
Command: opt_design
Attempting to get a license for feature 'Implementation' and/or device 'xc7a35t'
INFO: [Common 17-349] Got license for feature 'Implementation' and/or device 'xc7a35t'
Running DRC as a precondition to command opt_design

Starting DRC Task
INFO: [DRC 23-27] Running DRC with 2 threads
INFO: [Project 1-461] DRC finished with 0 Errors
INFO: [Project 1-462] Please refer to the DRC report (report_drc) for more information.

Time (s): cpu = 00:00:02 ; elapsed = 00:00:01 . Memory (MB): peak = 1025.105 ; gain = 0.000

Starting Cache Timing Information Task
