Copyright 1986-2020 Xilinx, Inc. All Rights Reserved.
------------------------------------------------------------------------------------
| Tool Version : Vivado v.2020.1 (win64) Build 2902540 Wed May 27 19:54:49 MDT 2020
| Date         : Sat Dec 16 15:31:15 2023
| Host         : CTRL-ALT-DEL running 64-bit major release  (build 9200)
| Command      : report_control_sets -verbose -file Top_control_sets_placed.rpt
| Design       : Top
| Device       : xc7a35t
------------------------------------------------------------------------------------

Control Set Information

Table of Contents
-----------------
1. Summary
2. Histogram
3. Flip-Flop Distribution
4. Detailed Control Set Information

1. Summary
----------

+----------------------------------------------------------+-------+
|                          Status                          | Count |
+----------------------------------------------------------+-------+
| Total control sets                                       |    15 |
|    Minimum number of control sets                        |    15 |
|    Addition due to synthesis replication                 |     0 |
|    Addition due to physical synthesis replication        |     0 |
| Unused register locations in slices containing registers |    71 |
+----------------------------------------------------------+-------+
* Control sets can be merged at opt_design using control_set_merge or merge_equivalent_drivers
** Run report_qor_suggestions for automated merging and remapping suggestions


2. Histogram
------------

+--------------------+-------+
|       Fanout       | Count |
+--------------------+-------+
| Total control sets |    15 |
| >= 0 to < 4        |     0 |
| >= 4 to < 6        |     0 |
| >= 6 to < 8        |     0 |
| >= 8 to < 10       |     6 |
| >= 10 to < 12      |     2 |
| >= 12 to < 14      |     1 |
| >= 14 to < 16      |     0 |
| >= 16              |     6 |
+--------------------+-------+
* Control sets can be remapped at either synth_design or opt_design


3. Flip-Flop Distribution
-------------------------

+--------------+-----------------------+------------------------+-----------------+--------------+
| Clock Enable | Synchronous Set/Reset | Asynchronous Set/Reset | Total Registers | Total Slices |
+--------------+-----------------------+------------------------+-----------------+--------------+
| No           | No                    | No                     |              32 |           17 |
| No           | No                    | Yes                    |               0 |            0 |
| No           | Yes                   | No                     |             110 |           34 |
| Yes          | No                    | No                     |               0 |            0 |
| Yes          | No                    | Yes                    |               0 |            0 |
| Yes          | Yes                   | No                     |              75 |           36 |
+--------------+-----------------------+------------------------+-----------------+--------------+


4. Detailed Control Set Information
-----------------------------------

+------------------------------+--------------------------------+------------------------------------------------+------------------+----------------+--------------+
|         Clock Signal         |          Enable Signal         |                Set/Reset Signal                | Slice Load Count | Bel Load Count | Bels / Slice |
+------------------------------+--------------------------------+------------------------------------------------+------------------+----------------+--------------+
|  clock_pix_inst/inst/clk_pix | SpidermanDisplay/deb_down/E[0] | SpidermanDisplay/deb_rst/restart               |                7 |              8 |         1.14 |
|  clock_pix_inst/inst/clk_pix | SpidermanDisplay/address       | display_inst/SR[0]                             |                3 |              9 |         3.00 |
|  clock_pix_inst/inst/clk_pix | SpidermanDisplay/deb_left/E[0] | SpidermanDisplay/deb_rst/restart               |                7 |              9 |         1.29 |
|  clock_pix_inst/inst/clk_pix | DiamondDisplay1/address_1      | display_inst/sy_reg[0]_2[0]                    |                4 |              9 |         2.25 |
|  clock_pix_inst/inst/clk_pix | DiamondDisplay1/address_2      | display_inst/sx_reg[2]_0[0]                    |                4 |              9 |         2.25 |
|  clock_pix_inst/inst/clk_pix | DiamondDisplay1/address_3      | display_inst/sy_reg[7]_0[0]                    |                3 |              9 |         3.00 |
|  clock_pix_inst/inst/clk_pix |                                | display_inst/sx[9]_i_1_n_0                     |                5 |             10 |         2.00 |
|  clock_pix_inst/inst/clk_pix | display_inst/sy[9]_i_1_n_0     | display_inst/sx[9]_i_1_n_0                     |                3 |             10 |         3.33 |
|  clock_pix_inst/inst/clk_pix | startGame_IBUF                 | display_inst/sy_reg[9]_3                       |                5 |             12 |         2.40 |
|  clock_pix_inst/inst/clk_pix |                                | SpidermanDisplay/deb_down/ctr_q[19]_i_1__3_n_0 |                6 |             20 |         3.33 |
|  clock_pix_inst/inst/clk_pix |                                | SpidermanDisplay/deb_left/ctr_q[19]_i_1__1_n_0 |                4 |             20 |         5.00 |
|  clock_pix_inst/inst/clk_pix |                                | SpidermanDisplay/deb_right/p_0_in__0           |                7 |             20 |         2.86 |
|  clock_pix_inst/inst/clk_pix |                                | SpidermanDisplay/deb_rst/ctr_q[19]_i_1_n_0     |                6 |             20 |         3.33 |
|  clock_pix_inst/inst/clk_pix |                                | SpidermanDisplay/deb_up/ctr_q[19]_i_1__2_n_0   |                6 |             20 |         3.33 |
|  clock_pix_inst/inst/clk_pix |                                |                                                |               17 |             32 |         1.88 |
+------------------------------+--------------------------------+------------------------------------------------+------------------+----------------+--------------+


