#-----------------------------------------------------------
# Vivado v2020.1 (64-bit)
# SW Build 2902540 on Wed May 27 19:54:49 MDT 2020
# IP Build 2902112 on Wed May 27 22:43:36 MDT 2020
# Start of session at: Mon Nov 20 13:50:44 2023
# Process ID: 12824
# Current directory: C:/Users/Dell/Documents/uni_docs/cs/dld/project_stuff/dld_final_project
# Command line: vivado.exe -gui_launcher_event rodinguilauncherevent16772 C:\Users\Dell\Documents\uni_docs\cs\dld\project_stuff\dld_final_project\dld_final_project.xpr
# Log file: C:/Users/Dell/Documents/uni_docs/cs/dld/project_stuff/dld_final_project/vivado.log
# Journal file: C:/Users/Dell/Documents/uni_docs/cs/dld/project_stuff/dld_final_project\vivado.jou
#-----------------------------------------------------------
start_gui
open_project C:/Users/Dell/Documents/uni_docs/cs/dld/project_stuff/dld_final_project/dld_final_project.xpr
Scanning sources...
Finished scanning sources
INFO: [IP_Flow 19-234] Refreshing IP repositories
INFO: [IP_Flow 19-1704] No user IP repositories specified
INFO: [IP_Flow 19-2313] Loaded Vivado IP repository 'C:/Xilinx/Vivado/2020.1/data/ip'.
open_project: Time (s): cpu = 00:00:09 ; elapsed = 00:00:07 . Memory (MB): peak = 1025.570 ; gain = 0.000
reset_run impl_1
reset_run synth_1
WARNING: [Vivado 12-1017] Problems encountered:
1. Failed to delete one or more files in run directory C:/Users/Dell/Documents/uni_docs/cs/dld/project_stuff/dld_final_project/dld_final_project.runs/synth_1

exit
INFO: [Common 17-206] Exiting Vivado at Mon Nov 20 13:51:24 2023...
