
*** Running vivado
    with args -log Top.vds -m64 -product Vivado -mode batch -messageDb vivado.pb -notrace -source Top.tcl



****** Vivado v2020.1 (64-bit)
  **** SW Build 2902540 on Wed May 27 19:54:49 MDT 2020
  **** IP Build 2902112 on Wed May 27 22:43:36 MDT 2020
    ** Copyright 1986-2020 Xilinx, Inc. All Rights Reserved.

source Top.tcl -notrace
Command: synth_design -top Top -part xc7a35tcpg236-1
Starting synth_design
Attempting to get a license for feature 'Synthesis' and/or device 'xc7a35t'
INFO: [Common 17-349] Got license for feature 'Synthesis' and/or device 'xc7a35t'
INFO: [Device 21-403] Loading part xc7a35tcpg236-1
INFO: [Synth 8-7079] Multithreading enabled for synth_design using a maximum of 2 processes.
INFO: [Synth 8-7078] Launching helper process for spawning children vivado processes
INFO: [Synth 8-7075] Helper process launched with PID 26860
---------------------------------------------------------------------------------
Starting RTL Elaboration : Time (s): cpu = 00:00:02 ; elapsed = 00:00:05 . Memory (MB): peak = 1026.945 ; gain = 0.000
---------------------------------------------------------------------------------
INFO: [Synth 8-6157] synthesizing module 'Top' [C:/Users/Dell/Documents/uni_docs/cs/dld/project_stuff/dld_final_project/dld_final_project.srcs/sources_1/new/Top.v:14]
	Parameter CORDW bound to: 10 - type: integer 
INFO: [Synth 8-3876] $readmem data file 'pal_diamond.mem' is read successfully [C:/Users/Dell/Documents/uni_docs/cs/dld/project_stuff/dld_final_project/dld_final_project.srcs/sources_1/new/Top.v:93]
INFO: [Synth 8-3876] $readmem data file 'pal_spiderman.mem' is read successfully [C:/Users/Dell/Documents/uni_docs/cs/dld/project_stuff/dld_final_project/dld_final_project.srcs/sources_1/new/Top.v:119]
INFO: [Synth 8-6157] synthesizing module 'VGA_Clock' [C:/Users/Dell/Documents/uni_docs/cs/dld/project_stuff/dld_final_project/dld_final_project.runs/synth_1/.Xil/Vivado-29060-CTRL-ALT-DEL/realtime/VGA_Clock_stub.v:5]
INFO: [Synth 8-6155] done synthesizing module 'VGA_Clock' (1#1) [C:/Users/Dell/Documents/uni_docs/cs/dld/project_stuff/dld_final_project/dld_final_project.runs/synth_1/.Xil/Vivado-29060-CTRL-ALT-DEL/realtime/VGA_Clock_stub.v:5]
INFO: [Synth 8-6157] synthesizing module 'VGA_Timing' [C:/Users/Dell/Documents/uni_docs/cs/dld/project_stuff/dld_final_project/dld_final_project.srcs/sources_1/new/VGA_Timing.v:14]
	Parameter HA_END bound to: 639 - type: integer 
	Parameter HS_STA bound to: 655 - type: integer 
	Parameter HS_END bound to: 751 - type: integer 
	Parameter LINE bound to: 799 - type: integer 
	Parameter VA_END bound to: 479 - type: integer 
	Parameter VS_STA bound to: 489 - type: integer 
	Parameter VS_END bound to: 491 - type: integer 
	Parameter SCREEN bound to: 524 - type: integer 
INFO: [Synth 8-6155] done synthesizing module 'VGA_Timing' (2#1) [C:/Users/Dell/Documents/uni_docs/cs/dld/project_stuff/dld_final_project/dld_final_project.srcs/sources_1/new/VGA_Timing.v:14]
INFO: [Synth 8-6157] synthesizing module 'maze_draw' [C:/Users/Dell/Documents/uni_docs/cs/dld/project_stuff/dld_final_project/dld_final_project.srcs/sources_1/new/maze_draw.v:22]
INFO: [Synth 8-6155] done synthesizing module 'maze_draw' (3#1) [C:/Users/Dell/Documents/uni_docs/cs/dld/project_stuff/dld_final_project/dld_final_project.srcs/sources_1/new/maze_draw.v:22]
INFO: [Synth 8-6157] synthesizing module 'Diamond' [C:/Users/Dell/Documents/uni_docs/cs/dld/project_stuff/dld_final_project/dld_final_project.srcs/sources_1/new/Diamond.v:12]
	Parameter BeeWidth bound to: 20 - type: integer 
	Parameter BeeHeight bound to: 20 - type: integer 
INFO: [Synth 8-6157] synthesizing module 'DiamondRom' [C:/Users/Dell/Documents/uni_docs/cs/dld/project_stuff/dld_final_project/dld_final_project.srcs/sources_1/new/DiamondRom.v:13]
INFO: [Synth 8-3876] $readmem data file 'diamond.mem' is read successfully [C:/Users/Dell/Documents/uni_docs/cs/dld/project_stuff/dld_final_project/dld_final_project.srcs/sources_1/new/DiamondRom.v:23]
INFO: [Synth 8-6155] done synthesizing module 'DiamondRom' (4#1) [C:/Users/Dell/Documents/uni_docs/cs/dld/project_stuff/dld_final_project/dld_final_project.srcs/sources_1/new/DiamondRom.v:13]
INFO: [Synth 8-6157] synthesizing module 'Debounce' [C:/Users/Dell/Documents/uni_docs/cs/dld/project_stuff/dld_final_project/dld_final_project.srcs/sources_1/new/Debounce.v:3]
INFO: [Synth 8-6155] done synthesizing module 'Debounce' (5#1) [C:/Users/Dell/Documents/uni_docs/cs/dld/project_stuff/dld_final_project/dld_final_project.srcs/sources_1/new/Debounce.v:3]
INFO: [Synth 8-6155] done synthesizing module 'Diamond' (6#1) [C:/Users/Dell/Documents/uni_docs/cs/dld/project_stuff/dld_final_project/dld_final_project.srcs/sources_1/new/Diamond.v:12]
INFO: [Synth 8-6157] synthesizing module 'Spiderman' [C:/Users/Dell/Documents/uni_docs/cs/dld/project_stuff/dld_final_project/dld_final_project.srcs/sources_1/new/Spiderman.v:12]
	Parameter BeeWidth bound to: 20 - type: integer 
	Parameter BeeHeight bound to: 20 - type: integer 
	Parameter BeeSpeedX bound to: 2 - type: integer 
	Parameter BeeSpeedY bound to: 2 - type: integer 
INFO: [Synth 8-6157] synthesizing module 'SpiderRom' [C:/Users/Dell/Documents/uni_docs/cs/dld/project_stuff/dld_final_project/dld_final_project.srcs/sources_1/new/SpiderROM.v:13]
INFO: [Synth 8-3876] $readmem data file 'spiderman.mem' is read successfully [C:/Users/Dell/Documents/uni_docs/cs/dld/project_stuff/dld_final_project/dld_final_project.srcs/sources_1/new/SpiderROM.v:23]
INFO: [Synth 8-6155] done synthesizing module 'SpiderRom' (7#1) [C:/Users/Dell/Documents/uni_docs/cs/dld/project_stuff/dld_final_project/dld_final_project.srcs/sources_1/new/SpiderROM.v:13]
INFO: [Synth 8-6155] done synthesizing module 'Spiderman' (8#1) [C:/Users/Dell/Documents/uni_docs/cs/dld/project_stuff/dld_final_project/dld_final_project.srcs/sources_1/new/Spiderman.v:12]
INFO: [Synth 8-6155] done synthesizing module 'Top' (9#1) [C:/Users/Dell/Documents/uni_docs/cs/dld/project_stuff/dld_final_project/dld_final_project.srcs/sources_1/new/Top.v:14]
---------------------------------------------------------------------------------
Finished RTL Elaboration : Time (s): cpu = 00:00:04 ; elapsed = 00:00:08 . Memory (MB): peak = 1026.945 ; gain = 0.000
---------------------------------------------------------------------------------
---------------------------------------------------------------------------------
Start Handling Custom Attributes
---------------------------------------------------------------------------------
---------------------------------------------------------------------------------
Finished Handling Custom Attributes : Time (s): cpu = 00:00:04 ; elapsed = 00:00:09 . Memory (MB): peak = 1026.945 ; gain = 0.000
---------------------------------------------------------------------------------
---------------------------------------------------------------------------------
Finished RTL Optimization Phase 1 : Time (s): cpu = 00:00:04 ; elapsed = 00:00:09 . Memory (MB): peak = 1026.945 ; gain = 0.000
---------------------------------------------------------------------------------
Netlist sorting complete. Time (s): cpu = 00:00:00 ; elapsed = 00:00:00.025 . Memory (MB): peak = 1026.945 ; gain = 0.000
INFO: [Project 1-570] Preparing netlist for logic optimization

Processing XDC Constraints
Initializing timing engine
Parsing XDC File [c:/Users/Dell/Documents/uni_docs/cs/dld/project_stuff/dld_final_project/dld_final_project.srcs/sources_1/ip/VGA_Clock/VGA_Clock/VGA_Clock_in_context.xdc] for cell 'clock_pix_inst'
WARNING: [Vivado 12-584] No ports matched ''. [c:/Users/Dell/Documents/uni_docs/cs/dld/project_stuff/dld_final_project/dld_final_project.srcs/sources_1/ip/VGA_Clock/VGA_Clock/VGA_Clock_in_context.xdc:2]
Finished Parsing XDC File [c:/Users/Dell/Documents/uni_docs/cs/dld/project_stuff/dld_final_project/dld_final_project.srcs/sources_1/ip/VGA_Clock/VGA_Clock/VGA_Clock_in_context.xdc] for cell 'clock_pix_inst'
Parsing XDC File [C:/Users/Dell/Documents/uni_docs/cs/dld/project_stuff/dld_final_project/dld_final_project.srcs/dungeon_display/new/maze_display.xdc]
Finished Parsing XDC File [C:/Users/Dell/Documents/uni_docs/cs/dld/project_stuff/dld_final_project/dld_final_project.srcs/dungeon_display/new/maze_display.xdc]
Parsing XDC File [C:/Users/Dell/Documents/uni_docs/cs/dld/project_stuff/dld_final_project/dld_final_project.srcs/dungeon_display/new/Basys3.xdc]
Finished Parsing XDC File [C:/Users/Dell/Documents/uni_docs/cs/dld/project_stuff/dld_final_project/dld_final_project.srcs/dungeon_display/new/Basys3.xdc]
INFO: [Project 1-236] Implementation specific constraints were found while reading constraint file [C:/Users/Dell/Documents/uni_docs/cs/dld/project_stuff/dld_final_project/dld_final_project.srcs/dungeon_display/new/Basys3.xdc]. These constraints will be ignored for synthesis but will be used in implementation. Impacted constraints are listed in the file [.Xil/Top_propImpl.xdc].
Resolution: To avoid this warning, move constraints listed in [.Xil/Top_propImpl.xdc] to another XDC file and exclude this new file from synthesis with the used_in_synthesis property (File Properties dialog in GUI) and re-run elaboration/synthesis.
Completed Processing XDC Constraints

Netlist sorting complete. Time (s): cpu = 00:00:00 ; elapsed = 00:00:00.001 . Memory (MB): peak = 1099.043 ; gain = 0.000
INFO: [Project 1-111] Unisim Transformation Summary:
No Unisim elements were transformed.

Constraint Validation Runtime : Time (s): cpu = 00:00:00 ; elapsed = 00:00:00.010 . Memory (MB): peak = 1099.043 ; gain = 0.000
---------------------------------------------------------------------------------
Finished Constraint Validation : Time (s): cpu = 00:00:07 ; elapsed = 00:00:16 . Memory (MB): peak = 1099.043 ; gain = 72.098
---------------------------------------------------------------------------------
---------------------------------------------------------------------------------
Start Loading Part and Timing Information
---------------------------------------------------------------------------------
Loading part: xc7a35tcpg236-1
---------------------------------------------------------------------------------
Finished Loading Part and Timing Information : Time (s): cpu = 00:00:07 ; elapsed = 00:00:16 . Memory (MB): peak = 1099.043 ; gain = 72.098
---------------------------------------------------------------------------------
---------------------------------------------------------------------------------
Start Applying 'set_property' XDC Constraints
---------------------------------------------------------------------------------
Applied set_property DONT_TOUCH = true for clock_pix_inst. (constraint file  auto generated constraint, line ).
---------------------------------------------------------------------------------
Finished applying 'set_property' XDC Constraints : Time (s): cpu = 00:00:07 ; elapsed = 00:00:16 . Memory (MB): peak = 1099.043 ; gain = 72.098
---------------------------------------------------------------------------------
---------------------------------------------------------------------------------
Finished RTL Optimization Phase 2 : Time (s): cpu = 00:00:07 ; elapsed = 00:00:17 . Memory (MB): peak = 1099.043 ; gain = 72.098
---------------------------------------------------------------------------------
---------------------------------------------------------------------------------
Start RTL Component Statistics 
---------------------------------------------------------------------------------
Detailed RTL Component Info : 
+---Adders : 
	   2 Input   32 Bit       Adders := 3     
	   2 Input   20 Bit       Adders := 6     
	   3 Input   12 Bit       Adders := 1     
	   2 Input   11 Bit       Adders := 2     
	   2 Input   10 Bit       Adders := 5     
	   3 Input    9 Bit       Adders := 2     
	   2 Input    9 Bit       Adders := 2     
+---Registers : 
	               20 Bit    Registers := 6     
	               10 Bit    Registers := 3     
	                9 Bit    Registers := 1     
	                7 Bit    Registers := 1     
	                6 Bit    Registers := 1     
	                4 Bit    Registers := 4     
	                2 Bit    Registers := 6     
	                1 Bit    Registers := 3     
+---ROMs : 
	                    ROMs := 2     
+---Muxes : 
	   2 Input   20 Bit        Muxes := 6     
	   2 Input   10 Bit        Muxes := 1     
	   2 Input    9 Bit        Muxes := 1     
	   2 Input    4 Bit        Muxes := 9     
	   2 Input    1 Bit        Muxes := 3     
---------------------------------------------------------------------------------
Finished RTL Component Statistics 
---------------------------------------------------------------------------------
---------------------------------------------------------------------------------
Start Part Resource Summary
---------------------------------------------------------------------------------
Part Resources:
DSPs: 90 (col length:60)
BRAMs: 100 (col length: RAMB18 60 RAMB36 30)
---------------------------------------------------------------------------------
Finished Part Resource Summary
---------------------------------------------------------------------------------
---------------------------------------------------------------------------------
Start Cross Boundary and Area Optimization
---------------------------------------------------------------------------------
---------------------------------------------------------------------------------
Finished Cross Boundary and Area Optimization : Time (s): cpu = 00:00:12 ; elapsed = 00:00:27 . Memory (MB): peak = 1099.043 ; gain = 72.098
---------------------------------------------------------------------------------
---------------------------------------------------------------------------------
Start ROM, RAM, DSP and Shift Register Reporting
---------------------------------------------------------------------------------

ROM: Preliminary Mapping	Report
+------------+------------+---------------+----------------+
|Module Name | RTL Object | Depth x Width | Implemented As | 
+------------+------------+---------------+----------------+
|Top         | p_0_out    | 256x8         | LUT            | 
|Top         | p_0_out    | 64x8          | LUT            | 
|Top         | p_0_out    | 256x8         | LUT            | 
|Top         | p_0_out    | 64x8          | LUT            | 
|Top         | p_0_out    | 256x8         | LUT            | 
|Top         | p_0_out    | 64x8          | LUT            | 
|Top         | p_0_out    | 256x8         | LUT            | 
|Top         | p_0_out    | 64x8          | LUT            | 
|Top         | p_0_out    | 256x8         | LUT            | 
|Top         | p_0_out    | 64x8          | LUT            | 
|Top         | p_0_out    | 256x8         | LUT            | 
|Top         | p_0_out    | 64x8          | LUT            | 
+------------+------------+---------------+----------------+

---------------------------------------------------------------------------------
Finished ROM, RAM, DSP and Shift Register Reporting
---------------------------------------------------------------------------------
---------------------------------------------------------------------------------
Start Applying XDC Timing Constraints
---------------------------------------------------------------------------------
---------------------------------------------------------------------------------
Finished Applying XDC Timing Constraints : Time (s): cpu = 00:00:15 ; elapsed = 00:00:35 . Memory (MB): peak = 1099.043 ; gain = 72.098
---------------------------------------------------------------------------------
---------------------------------------------------------------------------------
Start Timing Optimization
---------------------------------------------------------------------------------
---------------------------------------------------------------------------------
Finished Timing Optimization : Time (s): cpu = 00:00:16 ; elapsed = 00:00:36 . Memory (MB): peak = 1099.043 ; gain = 72.098
---------------------------------------------------------------------------------
---------------------------------------------------------------------------------
Start Technology Mapping
---------------------------------------------------------------------------------
INFO: [Synth 8-7052] The timing for the instance DiamondDisplay1/BeeVRom/dataout_reg (implemented as a Block RAM) might be sub-optimal as no optional output register could be merged into the ram block. Providing additional output register may help in improving timing.
INFO: [Synth 8-7052] The timing for the instance BeeDisplay/BeeVRom/dataout_reg (implemented as a Block RAM) might be sub-optimal as no optional output register could be merged into the ram block. Providing additional output register may help in improving timing.
---------------------------------------------------------------------------------
Finished Technology Mapping : Time (s): cpu = 00:00:16 ; elapsed = 00:00:36 . Memory (MB): peak = 1105.027 ; gain = 78.082
---------------------------------------------------------------------------------
---------------------------------------------------------------------------------
Start IO Insertion
---------------------------------------------------------------------------------
---------------------------------------------------------------------------------
Start Flattening Before IO Insertion
---------------------------------------------------------------------------------
---------------------------------------------------------------------------------
Finished Flattening Before IO Insertion
---------------------------------------------------------------------------------
---------------------------------------------------------------------------------
Start Final Netlist Cleanup
---------------------------------------------------------------------------------
---------------------------------------------------------------------------------
Finished Final Netlist Cleanup
---------------------------------------------------------------------------------
---------------------------------------------------------------------------------
Finished IO Insertion : Time (s): cpu = 00:00:18 ; elapsed = 00:00:40 . Memory (MB): peak = 1110.836 ; gain = 83.891
---------------------------------------------------------------------------------
---------------------------------------------------------------------------------
Start Renaming Generated Instances
---------------------------------------------------------------------------------
---------------------------------------------------------------------------------
Finished Renaming Generated Instances : Time (s): cpu = 00:00:18 ; elapsed = 00:00:40 . Memory (MB): peak = 1110.836 ; gain = 83.891
---------------------------------------------------------------------------------
---------------------------------------------------------------------------------
Start Rebuilding User Hierarchy
---------------------------------------------------------------------------------
---------------------------------------------------------------------------------
Finished Rebuilding User Hierarchy : Time (s): cpu = 00:00:18 ; elapsed = 00:00:40 . Memory (MB): peak = 1110.836 ; gain = 83.891
---------------------------------------------------------------------------------
---------------------------------------------------------------------------------
Start Renaming Generated Ports
---------------------------------------------------------------------------------
---------------------------------------------------------------------------------
Finished Renaming Generated Ports : Time (s): cpu = 00:00:18 ; elapsed = 00:00:40 . Memory (MB): peak = 1110.836 ; gain = 83.891
---------------------------------------------------------------------------------
---------------------------------------------------------------------------------
Start Handling Custom Attributes
---------------------------------------------------------------------------------
---------------------------------------------------------------------------------
Finished Handling Custom Attributes : Time (s): cpu = 00:00:18 ; elapsed = 00:00:40 . Memory (MB): peak = 1110.836 ; gain = 83.891
---------------------------------------------------------------------------------
---------------------------------------------------------------------------------
Start Renaming Generated Nets
---------------------------------------------------------------------------------
---------------------------------------------------------------------------------
Finished Renaming Generated Nets : Time (s): cpu = 00:00:18 ; elapsed = 00:00:40 . Memory (MB): peak = 1110.836 ; gain = 83.891
---------------------------------------------------------------------------------
---------------------------------------------------------------------------------
Start Writing Synthesis Report
---------------------------------------------------------------------------------

Report BlackBoxes: 
+------+--------------+----------+
|      |BlackBox name |Instances |
+------+--------------+----------+
|1     |VGA_Clock     |         1|
+------+--------------+----------+

Report Cell Usage: 
+------+----------+------+
|      |Cell      |Count |
+------+----------+------+
|1     |VGA_Clock |     1|
|2     |CARRY4    |    51|
|3     |LUT1      |    25|
|4     |LUT2      |   192|
|5     |LUT3      |    61|
|6     |LUT4      |   134|
|7     |LUT5      |   147|
|8     |LUT6      |   537|
|9     |RAMB18E1  |     2|
|11    |FDRE      |   177|
|12    |FDSE      |     4|
|13    |IBUF      |     8|
|14    |OBUF      |    14|
+------+----------+------+
---------------------------------------------------------------------------------
Finished Writing Synthesis Report : Time (s): cpu = 00:00:18 ; elapsed = 00:00:40 . Memory (MB): peak = 1110.836 ; gain = 83.891
---------------------------------------------------------------------------------
Synthesis finished with 0 errors, 0 critical warnings and 0 warnings.
Synthesis Optimization Runtime : Time (s): cpu = 00:00:13 ; elapsed = 00:00:37 . Memory (MB): peak = 1110.836 ; gain = 11.793
Synthesis Optimization Complete : Time (s): cpu = 00:00:18 ; elapsed = 00:00:40 . Memory (MB): peak = 1110.836 ; gain = 83.891
INFO: [Project 1-571] Translating synthesized netlist
Netlist sorting complete. Time (s): cpu = 00:00:00 ; elapsed = 00:00:00.017 . Memory (MB): peak = 1122.859 ; gain = 0.000
INFO: [Netlist 29-17] Analyzing 53 Unisim elements for replacement
INFO: [Netlist 29-28] Unisim Transformation completed in 0 CPU seconds
INFO: [Project 1-570] Preparing netlist for logic optimization
INFO: [Opt 31-138] Pushed 0 inverter(s) to 0 load pin(s).
Netlist sorting complete. Time (s): cpu = 00:00:00 ; elapsed = 00:00:00 . Memory (MB): peak = 1122.859 ; gain = 0.000
INFO: [Project 1-111] Unisim Transformation Summary:
No Unisim elements were transformed.

INFO: [Common 17-83] Releasing license: Synthesis
39 Infos, 1 Warnings, 0 Critical Warnings and 0 Errors encountered.
synth_design completed successfully
synth_design: Time (s): cpu = 00:00:21 ; elapsed = 00:00:47 . Memory (MB): peak = 1122.859 ; gain = 95.914
INFO: [Common 17-1381] The checkpoint 'C:/Users/Dell/Documents/uni_docs/cs/dld/project_stuff/dld_final_project/dld_final_project.runs/synth_1/Top.dcp' has been generated.
INFO: [runtcl-4] Executing : report_utilization -file Top_utilization_synth.rpt -pb Top_utilization_synth.pb
INFO: [Common 17-206] Exiting Vivado at Fri Dec 15 13:25:22 2023...
